Arguments: 
  /usr/local/bin/node /usr/local/bin/yarn

PATH: 
  /usr/local/bin:/usr/bin:/bin:/usr/sbin:/sbin:/Library/Apple/usr/bin

Yarn version: 
  1.22.10

Node version: 
  10.16.3

Platform: 
  darwin x64

Trace: 
  Error: ENOENT: no such file or directory, copyfile '/usr/local/share/Library/Caches/Yarn/v6/npm-has-flag-4.0.0-944771fd9c81c81265c4d6941860da06bb59479b-integrity/node_modules/has-flag/index.d.ts' -> '/Users/rose/Documents/个人练习项目/vue-webpack/node_modules/jest-worker/node_modules/has-flag/index.d.ts'

npm manifest: 
  {
    "name": "vue-webpack",
    "version": "1.0.0",
    "description": "",
    "main": "index.js",
    "scripts": {
      "build": "node build/build.js",
      "dev": "webpack-dev-server --inline --progress --config build/webpack.dev.conf.js",
      "test": "echo \"Error: no test specified\" && exit 1"
    },
    "keywords": [],
    "author": "",
    "license": "ISC",
    "devDependencies": {
      "webpack": "^5.4.0",
      "webpack-cli": "^4.2.0"
    }
  }

yarn manifest: 
  No manifest

Lockfile: 
  No lockfile
